\BOOKMARK [1][-]{section.1}{\376\377\000A\000p\000p\000r\000o\000s\000s\000i\000m\000a\000z\000i\000o\000n\000e\000\040\000e\000\040\000i\000n\000t\000e\000r\000p\000o\000l\000a\000z\000i\000o\000n\000e\000\040\000d\000i\000\040\000f\000u\000n\000z\000i\000o\000n\000i}{}% 1
\BOOKMARK [2][-]{subsection.1.1}{\376\377\000R\000e\000g\000r\000e\000s\000s\000i\000o\000n\000e}{section.1}% 2
\BOOKMARK [2][-]{subsection.1.2}{\376\377\000F\000o\000r\000m\000u\000l\000a\000\040\000d\000i\000\040\000N\000e\000w\000t\000o\000n\000\040\000p\000e\000r\000\040\000i\000l\000\040\000p\000o\000l\000i\000n\000o\000m\000i\000o\000\040\000i\000n\000t\000e\000r\000p\000o\000l\000a\000n\000t\000e}{section.1}% 3
\BOOKMARK [1][-]{section.2}{\376\377\000E\000r\000r\000o\000r\000e\000\040\000n\000e\000l\000l\000'\000e\000s\000t\000r\000a\000p\000o\000l\000a\000z\000i\000o\000n\000e}{}% 4
\BOOKMARK [2][-]{subsection.2.1}{\376\377\000P\000r\000o\000d\000o\000t\000t\000o\000\040\000s\000c\000a\000l\000a\000r\000e\000\040\000\050\000p\000r\000o\000d\000o\000t\000t\000o\000\040\000h\000e\000r\000m\000i\000t\000i\000a\000n\000o\000\051}{section.2}% 5
\BOOKMARK [2][-]{subsection.2.2}{\376\377\000P\000o\000l\000i\000n\000o\000m\000i\000\040\000d\000i\000\040\000L\000e\000g\000e\000n\000d\000r\000e}{section.2}% 6
\BOOKMARK [3][-]{subsubsection.2.2.1}{\376\377\000S\000v\000i\000l\000u\000p\000p\000o\000\040\000i\000n\000\040\000m\000u\000l\000t\000i\000p\000o\000l\000o}{subsection.2.2}% 7
\BOOKMARK [2][-]{subsection.2.3}{\376\377\000F\000u\000n\000z\000i\000o\000n\000e\000\040\000g\000e\000n\000e\000r\000a\000t\000r\000i\000c\000e\000\040\000p\000e\000r\000\040\000p\000o\000l\000i\000n\000o\000m\000i\000\040\000o\000r\000t\000o\000n\000o\000r\000m\000a\000l\000i}{section.2}% 8
\BOOKMARK [2][-]{subsection.2.4}{\376\377\000F\000o\000r\000m\000u\000l\000e\000\040\000r\000i\000c\000o\000r\000s\000i\000v\000e}{section.2}% 9
\BOOKMARK [2][-]{subsection.2.5}{\376\377\000A\000p\000p\000r\000o\000s\000s\000i\000m\000a\000z\000i\000o\000n\000e\000\040\000d\000i\000\040\000i\000n\000t\000e\000g\000r\000a\000l\000i}{section.2}% 10
\BOOKMARK [2][-]{subsection.2.6}{\376\377\000I\000l\000\040\000m\000o\000d\000e\000l\000l\000o\000\040\000d\000i\000\040\000I\000s\000i\000n\000g}{section.2}% 11
\BOOKMARK [1][-]{section.3}{\376\377\000B\000e\000s\000t\000\040\000f\000i\000t}{}% 12
\BOOKMARK [2][-]{subsection.3.1}{\376\377\000T\000a\000y\000l\000o\000r\000\040\000e\000x\000p\000a\000n\000t\000i\000o\000n}{section.3}% 13
\BOOKMARK [1][-]{section.4}{\376\377\000W\000e\000i\000e\000r\000s\000t\000r\000a\000s\000s\000\040\000a\000p\000p\000r\000o\000x\000i\000m\000a\000t\000i\000o\000n\000\040\000t\000h\000e\000o\000r\000e\000m}{}% 14
\BOOKMARK [2][-]{subsection.4.1}{\376\377\000I\000n\000t\000e\000r\000p\000o\000l\000a\000t\000i\000n\000g\000\040\000p\000o\000l\000y\000n\000o\000m\000i\000a\000l\000s}{section.4}% 15
\BOOKMARK [1][-]{section.5}{\376\377\000V\000a\000n\000d\000e\000r\000m\000o\000n\000d\000\040\000M\000a\000t\000r\000i\000x}{}% 16
\BOOKMARK [1][-]{section.6}{\376\377\000L\000a\000g\000r\000a\000n\000g\000e\000\040\000F\000o\000r\000m}{}% 17
\BOOKMARK [1][-]{section.7}{\376\377\000N\000e\000w\000t\000o\000n\000\040\000f\000o\000r\000m}{}% 18
\BOOKMARK [1][-]{section.8}{\376\377\000S\000h\000a\000m\000i\000r\000'\000s\000\040\000s\000e\000c\000r\000e\000t\000\040\000S\000h\000a\000r\000y}{}% 19
\BOOKMARK [1][-]{section.9}{\376\377\000P\000o\000i\000n\000t\000\040\000e\000r\000r\000o\000r\000\040\000i\000n\000\040\000L\000a\000g\000r\000a\000n\000g\000e\000\040\000i\000n\000t\000e\000r\000p\000o\000l\000a\000t\000i\000o\000n}{}% 20
\BOOKMARK [1][-]{section.10}{\376\377\000R\000u\000n\000g\000e\000\040\000P\000h\000e\000n\000o\000m\000e\000n\000o\000n}{}% 21
\BOOKMARK [1][-]{section.11}{\376\377\000O\000t\000h\000o\000g\000o\000n\000a\000l\000\040\000p\000o\000l\000y\000n\000o\000m\000i\000a\000l\000s\000\040\000\050\000o\000r\000\040\000o\000r\000t\000h\000o\000n\000o\000r\000m\000a\000l\000\051}{}% 22
\BOOKMARK [1][-]{section.12}{\376\377\000G\000r\000a\000m\000-\000S\000c\000h\000m\000i\000d\000t}{}% 23
\BOOKMARK [1][-]{section.13}{\376\377\000L\000e\000g\000e\000n\000d\000r\000e\000\040\000P\000o\000l\000y\000n\000o\000m\000i\000a\000l\000s}{}% 24
\BOOKMARK [1][-]{section.14}{\376\377\000M\000u\000l\000t\000i\000p\000o\000l\000e\000\040\000e\000x\000p\000a\000n\000s\000i\000o\000n}{}% 25
\BOOKMARK [1][-]{section.15}{\376\377\000G\000e\000n\000e\000r\000a\000t\000y\000\040\000f\000u\000n\000c\000t\000i\000o\000n}{}% 26
\BOOKMARK [1][-]{section.16}{\376\377\000F\000u\000n\000z\000i\000o\000n\000e\000\040\000g\000e\000n\000e\000r\000a\000t\000r\000i\000c\000e\000\040\000d\000e\000i\000\040\000p\000o\000l\000i\000n\000o\000m\000i\000\040\000d\000i\000\040\000L\000e\000g\000e\000n\000d\000r\000e}{}% 27
\BOOKMARK [1][-]{section.17}{\376\377\000R\000o\000d\000r\000i\000g\000u\000e\000z\000\040\000f\000o\000r\000m\000u\000l\000a}{}% 28
\BOOKMARK [2][-]{subsection.17.1}{\376\377\000Q\000u\000a\000l\000c\000o\000s\000a\000\040\000s\000u\000i\000\040\000m\000u\000l\000t\000i\000p\000o\000l\000i}{section.17}% 29
\BOOKMARK [1][-]{section.18}{\376\377\000P\000r\000i\000m\000a\000\040\000f\000o\000r\000m\000u\000l\000a\000\040\000r\000i\000c\000o\000r\000s\000i\000v\000a}{}% 30
\BOOKMARK [1][-]{section.19}{\376\377\000s\000e\000c\000o\000n\000d\000a\000\040\000f\000o\000r\000m\000u\000l\000a\000\040\000r\000i\000c\000o\000r\000s\000i\000v\000a}{}% 31
\BOOKMARK [1][-]{section.20}{\376\377\000L\000e\000g\000e\000n\000d\000r\000e\000\040\000d\000i\000f\000f\000e\000r\000e\000n\000c\000i\000a\000l\000\040\000e\000q\000u\000a\000t\000i\000o\000n}{}% 32
\BOOKMARK [1][-]{section.21}{\376\377\000S\000t\000u\000r\000m\000-\000L\000i\000o\000u\000v\000i\000l\000l\000e\000\040\000p\000r\000o\000b\000l\000e\000m}{}% 33
\BOOKMARK [1][-]{section.22}{\376\377\000N\000u\000m\000e\000r\000i\000c\000a\000l\000\040\000i\000n\000t\000e\000g\000r\000a\000t\000i\000o\000n}{}% 34
\BOOKMARK [1][-]{section.23}{\376\377\000N\000e\000w\000t\000o\000n\000\040\000C\000o\000t\000e\000s\000\040\000F\000o\000r\000m\000u\000l\000a}{}% 35
\BOOKMARK [1][-]{section.24}{\376\377\000M\000i\000d\000p\000o\000i\000n\000t\000\040\000r\000u\000l\000e}{}% 36
\BOOKMARK [1][-]{section.25}{\376\377\000E\000r\000n\000e\000s\000t\000\040\000I\000\040\000s\000i\000n\000g}{}% 37
\BOOKMARK [1][-]{section.26}{\376\377\000M\000e\000t\000o\000d\000o\000\040\000m\000o\000n\000t\000e\000c\000a\000r\000l\000o}{}% 38
\BOOKMARK [1][-]{section.27}{\376\377\000M\000e\000t\000o\000d\000o\000\040\000B\000u\000f\000f\000o\000n}{}% 39
\BOOKMARK [1][-]{section.28}{\376\377\000a\000l\000t\000r\000i\000\040\000e\000s\000e\000m\000p\000i\000\040\000d\000e\000l\000\040\000m\000e\000t\000o\000d\000o\000\040\000m\000o\000n\000t\000e\000c\000a\000r\000l\000o}{}% 40
\BOOKMARK [1][-]{section.29}{\376\377\000i\000m\000p\000o\000r\000t\000a\000n\000c\000e\000\040\000s\000a\000m\000p\000l\000i\000n\000g}{}% 41
\BOOKMARK [1][-]{section.30}{\376\377\000R\000o\000o\000t\000\040\000f\000i\000n\000d\000i\000n\000g}{}% 42
\BOOKMARK [1][-]{section.31}{\376\377\000A\000l\000g\000o\000r\000i\000t\000m\000o\000\040\000d\000i\000\040\000b\000i\000s\000e\000z\000i\000o\000n\000e}{}% 43
\BOOKMARK [1][-]{section.32}{\376\377\000M\000e\000t\000o\000d\000o\000\040\000d\000e\000l\000l\000a\000\040\000s\000e\000c\000a\000n\000t\000e}{}% 44
\BOOKMARK [1][-]{section.33}{\376\377\000A\000l\000g\000o\000r\000i\000t\000m\000o\000\040\000b\000a\000b\000i\000l\000o\000n\000e\000s\000e}{}% 45
\BOOKMARK [1][-]{section.34}{\376\377\000e\000q\000u\000a\000z\000i\000o\000n\000i\000\040\000d\000i\000\040\000V\000o\000l\000t\000e\000r\000r\000a}{}% 46
\BOOKMARK [1][-]{section.35}{\376\377\000P\000i\000c\000a\000r\000d\000\040\000s\000e\000q\000u\000e\000n\000c\000e}{}% 47
\BOOKMARK [1][-]{section.36}{\376\377\000L\000e\000m\000m\000a\000\040\000d\000i\000\040\000G\000r\000o\000n\000w\000a\000l\000l}{}% 48
\BOOKMARK [1][-]{section.37}{\376\377\000M\000e\000t\000o\000d\000o\000\040\000d\000i\000\040\000E\000u\000l\000e\000r\000o}{}% 49
\BOOKMARK [1][-]{section.38}{\376\377\000B\000o\000w\000i\000e}{}% 50
\BOOKMARK [1][-]{section.39}{\376\377\000R\000a\000p\000p\000r\000e\000s\000e\000n\000t\000a\000z\000i\000o\000n\000e\000\040\000i\000n\000t\000e\000g\000r\000a\000l\000e\000\040\000d\000e\000l\000l\000a\000\040\000f\000u\000n\000z\000i\000o\000n\000e\000\040\000f\000a\000t\000t\000o\000r\000i\000a\000l\000e}{}% 51
\BOOKMARK [2][-]{subsection.39.1}{\376\377\000S\000u\000d\000d\000l\000e\000\040\000p\000o\000i\000n\000t\000\040\000a\000p\000p\000r\000o\000x\000i\000m\000a\000t\000i\000o\000n}{section.39}% 52
\BOOKMARK [1][-]{section.40}{\376\377\000P\000\040\000n\000o\000r\000m\000a}{}% 53
\BOOKMARK [2][-]{subsection.40.1}{\376\377\000N\000o\000r\000m\000a\000\040\000m\000a\000t\000r\000i\000c\000i\000a\000l\000e\000\040\000\050\000m\000a\000t\000r\000c\000i\000\040\000q\000u\000a\000d\000r\000a\000t\000e\000\051}{section.40}% 54
\BOOKMARK [2][-]{subsection.40.2}{\376\377\000N\000o\000r\000m\000a\000\040\000s\000u\000b\000o\000r\000d\000i\000n\000a\000t\000a\000\040\000d\000i\000\040\000u\000n\000a\000\040\000m\000a\000t\000r\000i\000c\000e}{section.40}% 55
\BOOKMARK [1][-]{section.41}{\376\377\000L\000U\000\040\000m\000e\000t\000h\000o\000d}{}% 56
\BOOKMARK [1][-]{section.42}{\376\377\000E\000l\000e\000m\000e\000n\000t\000a\000r\000y\000\040\000t\000r\000a\000s\000f\000o\000r\000m\000a\000t\000i\000o\000n\000\040\000m\000a\000t\000r\000i\000x}{}% 57
\BOOKMARK [1][-]{section.43}{\376\377\000G\000a\000u\000s\000s\000\040\000J\000o\000r\000d\000a\000n}{}% 58
\BOOKMARK [1][-]{section.44}{\376\377\000s\000o\000l\000u\000t\000i\000o\000n\000s\000\040\000o\000f\000\040\000p\000a\000r\000t\000i\000a\000l\000\040\000d\000i\000f\000f\000e\000r\000e\000n\000t\000i\000a\000l\000\040\000e\000q\000u\000a\000t\000i\000o\000n}{}% 59
